2089.9807 	EXP 	Created sequence: random, trialTypes=1, nReps=75, seed=None
2090.0271 	EXP 	Created sequence: sequential, trialTypes=1, nReps=0, seed=None
2090.0724 	WARNING 	Monitor specification not found. Creating a temporary one...
2091.1821 	EXP 	Created window1 = Window(allowGUI=True, allowStencil=False, args=UNKNOWN, autoLog=True, bitsMode=UNKNOWN, blendMode='avg', color=array([ 0.,  0.,  0.]), colorSpace='rgb', fullscr=UNKNOWN, gamma=None, kwargs=UNKNOWN, lms=UNKNOWN, monitor=<psychopy.monitors.calibTools.Monitor object at 0x0000000021195D30>, multiSample=False, name='window1', numSamples=2, pos=[0, 0], screen=0, size=array([1920, 1080]), stereo=False, units=u'pix', useFBO=False, useRetina=False, viewOri=0.0, viewPos=None, viewScale=None, waitBlanking=True, winType=u'pyglet')
2091.1823 	EXP 	Removed all global key events.
2091.1823 	EXP 	Added new global key event: quit through p
2091.1824 	EXP 	Added new global key event: quit through esc
2091.1878 	EXP 	Created unnamed TextStim = TextStim(alignHoriz='center', alignVert='center', antialias=True, autoLog=True, bold=False, color=array([ 1.,  1.,  1.]), colorSpace='rgb', contrast=1.0, depth=0, flipHoriz=False, flipVert=False, font='', fontFiles=[], height=20, italic=False, name='unnamed TextStim', opacity=1.0, ori=0.0, pos=array([ 0.,  0.]), rgb=array([ 1.,  1.,  1.]), text='Beenden...', units=u'pix', win=Window(...), wrapWidth=500)
2091.2339 	EXP 	Created unnamed TextStim = TextStim(alignHoriz='center', alignVert='center', antialias=True, autoLog=True, bold=False, color=array([ 1.,  1.,  1.]), colorSpace='rgb', contrast=1.0, depth=0, flipHoriz=False, flipVert=False, font='', fontFiles=[], height=20, italic=False, name='unnamed TextStim', opacity=1.0, ori=0.0, pos=array([   0.,  100.]), rgb=array([ 1.,  1.,  1.]), text=newstr(...), units=u'pix', win=Window(...), wrapWidth=500)
2091.2978 	EXP 	Created unnamed TextStim = TextStim(alignHoriz='center', alignVert='center', antialias=True, autoLog=True, bold=False, color=array([ 1.,  1.,  1.]), colorSpace='rgb', contrast=1.0, depth=0, flipHoriz=False, flipVert=False, font='', fontFiles=[], height=20, italic=False, name='unnamed TextStim', opacity=1.0, ori=0.0, pos=array([ 400.,    0.]), rgb=array([ 1.,  1.,  1.]), text=newstr(...), units=u'pix', win=Window(...), wrapWidth=500)
2091.3383 	EXP 	Created unnamed TextStim = TextStim(alignHoriz='center', alignVert='center', antialias=True, autoLog=True, bold=False, color=array([ 1.,  1.,  1.]), colorSpace='rgb', contrast=1.0, depth=0, flipHoriz=False, flipVert=False, font='', fontFiles=[], height=20, italic=False, name='unnamed TextStim', opacity=1.0, ori=0.0, pos=array([ 400.,    0.]), rgb=array([ 1.,  1.,  1.]), text=newstr(...), units=u'pix', win=Window(...), wrapWidth=500)
2091.4489 	EXP 	Created unnamed TextStim = TextStim(alignHoriz='center', alignVert='center', antialias=True, autoLog=True, bold=False, color=array([ 1.,  1.,  1.]), colorSpace='rgb', contrast=1.0, depth=0, flipHoriz=False, flipVert=False, font='', fontFiles=[], height=20, italic=False, name='unnamed TextStim', opacity=1.0, ori=0.0, pos=array([ 0.,  0.]), rgb=array([ 1.,  1.,  1.]), text=newstr(...), units=u'pix', win=Window(...), wrapWidth=500)
2091.4640 	EXP 	Created unnamed TextStim = TextStim(alignHoriz='center', alignVert='center', antialias=True, autoLog=True, bold=False, color=array([ 1.,  1.,  1.]), colorSpace='rgb', contrast=1.0, depth=0, flipHoriz=False, flipVert=False, font='', fontFiles=[], height=20, italic=False, name='unnamed TextStim', opacity=1.0, ori=0.0, pos=array([ 0.,  0.]), rgb=array([ 1.,  1.,  1.]), text=newstr(...), units=u'pix', win=Window(...), wrapWidth=500)
2091.4715 	EXP 	Created unnamed TextStim = TextStim(alignHoriz='center', alignVert='center', antialias=True, autoLog=True, bold=False, color=array([ 1.,  1.,  1.]), colorSpace='rgb', contrast=1.0, depth=0, flipHoriz=False, flipVert=False, font='', fontFiles=[], height=20, italic=False, name='unnamed TextStim', opacity=1.0, ori=0.0, pos=array([   0.,  100.]), rgb=array([ 1.,  1.,  1.]), text='Testtrial abgeschlossen', units=u'pix', win=Window(...), wrapWidth=500)
2091.4719 	EXP 	<method-wrapper '__getattribute__' of attributeSetter object at 0x000000000BD22EF0>: vertices = array([[-0.25,  0.25],
       [ 0.25,  0.25],
       [ 0.25, -0.25],
       [-0.25, -0.25]])
2091.4731 	EXP 	Created unnamed Rect = Rect(autoDraw=False, autoLog=True, closeShape=True, contrast=1.0, depth=0, fillColor=None, fillColorSpace='rgb', fillRGB=None, interpolate=True, lineColor=u'lime', lineColorSpace='named', lineRGB=array([   0.,  255.,    0.]), lineWidth=10, name='unnamed Rect', opacity=1.0, ori=array(0.0), pos=array([ 0.,  0.]), size=array([ 1.,  1.]), units=u'pix', vertices=ndarray(...), win=Window(...))
2091.4735 	EXP 	<method-wrapper '__getattribute__' of attributeSetter object at 0x000000000BD22EF0>: vertices = array([[-0.25,  0.25],
       [ 0.25,  0.25],
       [ 0.25, -0.25],
       [-0.25, -0.25]])
2091.4746 	EXP 	Created unnamed Rect = Rect(autoDraw=False, autoLog=True, closeShape=True, contrast=1.0, depth=0, fillColor=None, fillColorSpace='rgb', fillRGB=None, interpolate=True, lineColor=u'red', lineColorSpace='named', lineRGB=array([ 255.,    0.,    0.]), lineWidth=10, name='unnamed Rect', opacity=1.0, ori=array(0.0), pos=array([ 0.,  0.]), size=array([ 1.,  1.]), units=u'pix', vertices=ndarray(...), win=Window(...))
2091.4750 	EXP 	<method-wrapper '__getattribute__' of attributeSetter object at 0x000000000BD22EF0>: vertices = array([[-0.25,  0.25],
       [ 0.25,  0.25],
       [ 0.25, -0.25],
       [-0.25, -0.25]])
2091.4760 	EXP 	Created unnamed Rect = Rect(autoDraw=False, autoLog=True, closeShape=True, contrast=1.0, depth=0, fillColor=None, fillColorSpace='rgb', fillRGB=None, interpolate=True, lineColor=u'black', lineColorSpace='named', lineRGB=array([ 0.,  0.,  0.]), lineWidth=10, name='unnamed Rect', opacity=1.0, ori=array(0.0), pos=array([ 0.,  0.]), size=array([ 1.,  1.]), units=u'pix', vertices=ndarray(...), win=Window(...))
2239.8974 	DATA 	Keypress: escape
2239.8975 	EXP 	Global key event: quit through esc. Calling <function quit_exp at 0x0000000021963048>.
2239.9029 	EXP 	unnamed Rect: autoDraw = False
2240.0370 	EXP 	window1: mouseVisible = True
