3254.1980 	EXP 	Created sequence: random, trialTypes=1, nReps=20, seed=None
3254.2465 	EXP 	Created sequence: sequential, trialTypes=1, nReps=0, seed=None
3254.2815 	WARNING 	Monitor specification not found. Creating a temporary one...
3255.4558 	EXP 	Created window1 = Window(allowGUI=True, allowStencil=False, args=UNKNOWN, autoLog=True, bitsMode=UNKNOWN, blendMode='avg', color=array([ 0.,  0.,  0.]), colorSpace='rgb', fullscr=UNKNOWN, gamma=None, kwargs=UNKNOWN, lms=UNKNOWN, monitor=<psychopy.monitors.calibTools.Monitor object at 0x0000000022A6DB70>, multiSample=False, name='window1', numSamples=2, pos=[0, 0], screen=0, size=array([1920, 1080]), stereo=False, units=u'pix', useFBO=False, useRetina=False, viewOri=0.0, viewPos=None, viewScale=None, waitBlanking=True, winType=u'pyglet')
3255.4560 	EXP 	Removed all global key events.
3255.4561 	EXP 	Added new global key event: quit through p
3255.4561 	EXP 	Added new global key event: quit through esc
3255.4626 	EXP 	Created unnamed TextStim = TextStim(alignHoriz='center', alignVert='center', antialias=True, autoLog=True, bold=False, color=array([ 1.,  1.,  1.]), colorSpace='rgb', contrast=1.0, depth=0, flipHoriz=False, flipVert=False, font='', fontFiles=[], height=20, italic=False, name='unnamed TextStim', opacity=1.0, ori=0.0, pos=array([ 0.,  0.]), rgb=array([ 1.,  1.,  1.]), text='Beenden...', units=u'pix', win=Window(...), wrapWidth=500)
3255.5066 	EXP 	Created unnamed TextStim = TextStim(alignHoriz='center', alignVert='center', antialias=True, autoLog=True, bold=False, color=array([ 1.,  1.,  1.]), colorSpace='rgb', contrast=1.0, depth=0, flipHoriz=False, flipVert=False, font='', fontFiles=[], height=20, italic=False, name='unnamed TextStim', opacity=1.0, ori=0.0, pos=array([   0.,  100.]), rgb=array([ 1.,  1.,  1.]), text=newstr(...), units=u'pix', win=Window(...), wrapWidth=500)
3255.5533 	EXP 	Created unnamed TextStim = TextStim(alignHoriz='center', alignVert='center', antialias=True, autoLog=True, bold=False, color=array([ 1.,  1.,  1.]), colorSpace='rgb', contrast=1.0, depth=0, flipHoriz=False, flipVert=False, font='', fontFiles=[], height=20, italic=False, name='unnamed TextStim', opacity=1.0, ori=0.0, pos=array([ 400.,    0.]), rgb=array([ 1.,  1.,  1.]), text=newstr(...), units=u'pix', win=Window(...), wrapWidth=500)
3255.5779 	EXP 	Created unnamed TextStim = TextStim(alignHoriz='center', alignVert='center', antialias=True, autoLog=True, bold=False, color=array([ 1.,  1.,  1.]), colorSpace='rgb', contrast=1.0, depth=0, flipHoriz=False, flipVert=False, font='', fontFiles=[], height=20, italic=False, name='unnamed TextStim', opacity=1.0, ori=0.0, pos=array([ 400.,    0.]), rgb=array([ 1.,  1.,  1.]), text=newstr(...), units=u'pix', win=Window(...), wrapWidth=500)
3255.6896 	EXP 	Created unnamed TextStim = TextStim(alignHoriz='center', alignVert='center', antialias=True, autoLog=True, bold=False, color=array([ 1.,  1.,  1.]), colorSpace='rgb', contrast=1.0, depth=0, flipHoriz=False, flipVert=False, font='', fontFiles=[], height=20, italic=False, name='unnamed TextStim', opacity=1.0, ori=0.0, pos=array([ 0.,  0.]), rgb=array([ 1.,  1.,  1.]), text=newstr(...), units=u'pix', win=Window(...), wrapWidth=500)
3255.7031 	EXP 	Created unnamed TextStim = TextStim(alignHoriz='center', alignVert='center', antialias=True, autoLog=True, bold=False, color=array([ 1.,  1.,  1.]), colorSpace='rgb', contrast=1.0, depth=0, flipHoriz=False, flipVert=False, font='', fontFiles=[], height=20, italic=False, name='unnamed TextStim', opacity=1.0, ori=0.0, pos=array([ 0.,  0.]), rgb=array([ 1.,  1.,  1.]), text=newstr(...), units=u'pix', win=Window(...), wrapWidth=500)
3255.7101 	EXP 	Created unnamed TextStim = TextStim(alignHoriz='center', alignVert='center', antialias=True, autoLog=True, bold=False, color=array([ 1.,  1.,  1.]), colorSpace='rgb', contrast=1.0, depth=0, flipHoriz=False, flipVert=False, font='', fontFiles=[], height=20, italic=False, name='unnamed TextStim', opacity=1.0, ori=0.0, pos=array([   0.,  100.]), rgb=array([ 1.,  1.,  1.]), text='Testtrial abgeschlossen', units=u'pix', win=Window(...), wrapWidth=500)
3255.7105 	EXP 	<method-wrapper '__getattribute__' of attributeSetter object at 0x000000000D8E2A90>: vertices = array([[-0.25,  0.25],
       [ 0.25,  0.25],
       [ 0.25, -0.25],
       [-0.25, -0.25]])
3255.7115 	EXP 	Created unnamed Rect = Rect(autoDraw=False, autoLog=True, closeShape=True, contrast=1.0, depth=0, fillColor=None, fillColorSpace='rgb', fillRGB=None, interpolate=True, lineColor=u'lime', lineColorSpace='named', lineRGB=array([   0.,  255.,    0.]), lineWidth=10, name='unnamed Rect', opacity=1.0, ori=array(0.0), pos=array([ 0.,  0.]), size=array([ 1.,  1.]), units=u'pix', vertices=ndarray(...), win=Window(...))
3255.7119 	EXP 	<method-wrapper '__getattribute__' of attributeSetter object at 0x000000000D8E2A90>: vertices = array([[-0.25,  0.25],
       [ 0.25,  0.25],
       [ 0.25, -0.25],
       [-0.25, -0.25]])
3255.7128 	EXP 	Created unnamed Rect = Rect(autoDraw=False, autoLog=True, closeShape=True, contrast=1.0, depth=0, fillColor=None, fillColorSpace='rgb', fillRGB=None, interpolate=True, lineColor=u'red', lineColorSpace='named', lineRGB=array([ 255.,    0.,    0.]), lineWidth=10, name='unnamed Rect', opacity=1.0, ori=array(0.0), pos=array([ 0.,  0.]), size=array([ 1.,  1.]), units=u'pix', vertices=ndarray(...), win=Window(...))
3255.7131 	EXP 	<method-wrapper '__getattribute__' of attributeSetter object at 0x000000000D8E2A90>: vertices = array([[-0.25,  0.25],
       [ 0.25,  0.25],
       [ 0.25, -0.25],
       [-0.25, -0.25]])
3255.7140 	EXP 	Created unnamed Rect = Rect(autoDraw=False, autoLog=True, closeShape=True, contrast=1.0, depth=0, fillColor=None, fillColorSpace='rgb', fillRGB=None, interpolate=True, lineColor=u'black', lineColorSpace='named', lineRGB=array([ 0.,  0.,  0.]), lineWidth=10, name='unnamed Rect', opacity=1.0, ori=array(0.0), pos=array([ 0.,  0.]), size=array([ 1.,  1.]), units=u'pix', vertices=ndarray(...), win=Window(...))
3286.6709 	DATA 	Keypress: w
3286.6734 	EXP 	Created Matrix = ImageStim(autoLog=True, color=array([ 1.,  1.,  1.]), colorSpace=u'rgb', contrast=1.0, depth=0.0, flipHoriz=False, flipVert=False, image=Image(...), interpolate=False, mask=None, maskParams=None, name=u'Matrix', opacity=1.0, ori=0.0, pos=array([ 0.,  0.]), size=array([64, 64]), texRes=256, units=u'pix', win=Window(...))
3330.0229 	DATA 	Keypress: escape
3330.0229 	EXP 	Global key event: quit through esc. Calling <function quit_exp at 0x0000000022A74278>.
3330.0279 	EXP 	unnamed Rect: autoDraw = False
3330.1822 	EXP 	window1: mouseVisible = True
