25.4762 	EXP 	Created sequence: random, trialTypes=1, nReps=75, seed=None
25.7019 	EXP 	Created sequence: sequential, trialTypes=1, nReps=0, seed=None
25.7211 	WARNING 	Monitor specification not found. Creating a temporary one...
27.6900 	EXP 	Created window1 = Window(allowGUI=True, allowStencil=False, args=UNKNOWN, autoLog=True, bitsMode=UNKNOWN, blendMode='avg', color=array([ 0.,  0.,  0.]), colorSpace='rgb', fullscr=UNKNOWN, gamma=None, kwargs=UNKNOWN, lms=UNKNOWN, monitor=<psychopy.monitors.calibTools.Monitor object at 0x0000000016E1BFD0>, multiSample=False, name='window1', numSamples=2, pos=[0, 0], screen=0, size=array([1920, 1080]), stereo=False, units=u'pix', useFBO=False, useRetina=False, viewOri=0.0, viewPos=None, viewScale=None, waitBlanking=True, winType=u'pyglet')
27.6902 	EXP 	Removed all global key events.
27.6903 	EXP 	Added new global key event: quit through p
27.6903 	EXP 	Added new global key event: quit through esc
28.0430 	EXP 	Created unnamed TextStim = TextStim(alignHoriz='center', alignVert='center', antialias=True, autoLog=True, bold=False, color=array([ 1.,  1.,  1.]), colorSpace='rgb', contrast=1.0, depth=0, flipHoriz=False, flipVert=False, font='', fontFiles=[], height=20, italic=False, name='unnamed TextStim', opacity=1.0, ori=0.0, pos=array([ 0.,  0.]), rgb=array([ 1.,  1.,  1.]), text='Beenden...', units=u'pix', win=Window(...), wrapWidth=500)
28.1126 	EXP 	Created unnamed TextStim = TextStim(alignHoriz='center', alignVert='center', antialias=True, autoLog=True, bold=False, color=array([ 1.,  1.,  1.]), colorSpace='rgb', contrast=1.0, depth=0, flipHoriz=False, flipVert=False, font='', fontFiles=[], height=20, italic=False, name='unnamed TextStim', opacity=1.0, ori=0.0, pos=array([   0.,  100.]), rgb=array([ 1.,  1.,  1.]), text=newstr(...), units=u'pix', win=Window(...), wrapWidth=500)
28.1622 	EXP 	Created unnamed TextStim = TextStim(alignHoriz='center', alignVert='center', antialias=True, autoLog=True, bold=False, color=array([ 1.,  1.,  1.]), colorSpace='rgb', contrast=1.0, depth=0, flipHoriz=False, flipVert=False, font='', fontFiles=[], height=20, italic=False, name='unnamed TextStim', opacity=1.0, ori=0.0, pos=array([ 400.,    0.]), rgb=array([ 1.,  1.,  1.]), text=newstr(...), units=u'pix', win=Window(...), wrapWidth=500)
28.1854 	EXP 	Created unnamed TextStim = TextStim(alignHoriz='center', alignVert='center', antialias=True, autoLog=True, bold=False, color=array([ 1.,  1.,  1.]), colorSpace='rgb', contrast=1.0, depth=0, flipHoriz=False, flipVert=False, font='', fontFiles=[], height=20, italic=False, name='unnamed TextStim', opacity=1.0, ori=0.0, pos=array([ 400.,    0.]), rgb=array([ 1.,  1.,  1.]), text=newstr(...), units=u'pix', win=Window(...), wrapWidth=500)
28.2994 	EXP 	Created unnamed TextStim = TextStim(alignHoriz='center', alignVert='center', antialias=True, autoLog=True, bold=False, color=array([ 1.,  1.,  1.]), colorSpace='rgb', contrast=1.0, depth=0, flipHoriz=False, flipVert=False, font='', fontFiles=[], height=20, italic=False, name='unnamed TextStim', opacity=1.0, ori=0.0, pos=array([ 0.,  0.]), rgb=array([ 1.,  1.,  1.]), text=newstr(...), units=u'pix', win=Window(...), wrapWidth=500)
28.3168 	EXP 	Created unnamed TextStim = TextStim(alignHoriz='center', alignVert='center', antialias=True, autoLog=True, bold=False, color=array([ 1.,  1.,  1.]), colorSpace='rgb', contrast=1.0, depth=0, flipHoriz=False, flipVert=False, font='', fontFiles=[], height=20, italic=False, name='unnamed TextStim', opacity=1.0, ori=0.0, pos=array([ 0.,  0.]), rgb=array([ 1.,  1.,  1.]), text=newstr(...), units=u'pix', win=Window(...), wrapWidth=500)
28.3231 	EXP 	Created unnamed TextStim = TextStim(alignHoriz='center', alignVert='center', antialias=True, autoLog=True, bold=False, color=array([ 1.,  1.,  1.]), colorSpace='rgb', contrast=1.0, depth=0, flipHoriz=False, flipVert=False, font='', fontFiles=[], height=20, italic=False, name='unnamed TextStim', opacity=1.0, ori=0.0, pos=array([   0.,  100.]), rgb=array([ 1.,  1.,  1.]), text='Testtrial abgeschlossen', units=u'pix', win=Window(...), wrapWidth=500)
28.3611 	EXP 	<method-wrapper '__getattribute__' of attributeSetter object at 0x000000000CD19B70>: vertices = array([[-0.25,  0.25],
       [ 0.25,  0.25],
       [ 0.25, -0.25],
       [-0.25, -0.25]])
28.3621 	EXP 	Created unnamed Rect = Rect(autoDraw=False, autoLog=True, closeShape=True, contrast=1.0, depth=0, fillColor=None, fillColorSpace='rgb', fillRGB=None, interpolate=True, lineColor=u'lime', lineColorSpace='named', lineRGB=array([   0.,  255.,    0.]), lineWidth=10, name='unnamed Rect', opacity=1.0, ori=array(0.0), pos=array([ 0.,  0.]), size=array([ 1.,  1.]), units=u'pix', vertices=ndarray(...), win=Window(...))
28.3624 	EXP 	<method-wrapper '__getattribute__' of attributeSetter object at 0x000000000CD19B70>: vertices = array([[-0.25,  0.25],
       [ 0.25,  0.25],
       [ 0.25, -0.25],
       [-0.25, -0.25]])
28.3633 	EXP 	Created unnamed Rect = Rect(autoDraw=False, autoLog=True, closeShape=True, contrast=1.0, depth=0, fillColor=None, fillColorSpace='rgb', fillRGB=None, interpolate=True, lineColor=u'red', lineColorSpace='named', lineRGB=array([ 255.,    0.,    0.]), lineWidth=10, name='unnamed Rect', opacity=1.0, ori=array(0.0), pos=array([ 0.,  0.]), size=array([ 1.,  1.]), units=u'pix', vertices=ndarray(...), win=Window(...))
28.3636 	EXP 	<method-wrapper '__getattribute__' of attributeSetter object at 0x000000000CD19B70>: vertices = array([[-0.25,  0.25],
       [ 0.25,  0.25],
       [ 0.25, -0.25],
       [-0.25, -0.25]])
28.3645 	EXP 	Created unnamed Rect = Rect(autoDraw=False, autoLog=True, closeShape=True, contrast=1.0, depth=0, fillColor=None, fillColorSpace='rgb', fillRGB=None, interpolate=True, lineColor=u'black', lineColorSpace='named', lineRGB=array([ 0.,  0.,  0.]), lineWidth=10, name='unnamed Rect', opacity=1.0, ori=array(0.0), pos=array([ 0.,  0.]), size=array([ 1.,  1.]), units=u'pix', vertices=ndarray(...), win=Window(...))
29.7651 	DATA 	Keypress: w
29.9783 	EXP 	Created Matrix = ImageStim(autoLog=True, color=array([ 1.,  1.,  1.]), colorSpace=u'rgb', contrast=1.0, depth=0.0, flipHoriz=False, flipVert=False, image=Image(...), interpolate=False, mask=None, maskParams=None, name=u'Matrix', opacity=1.0, ori=0.0, pos=array([ 0.,  0.]), size=array([64, 64]), texRes=256, units=u'pix', win=Window(...))
35.2051 	DATA 	Keypress: w
35.2074 	EXP 	Created Matrix = ImageStim(autoLog=True, color=array([ 1.,  1.,  1.]), colorSpace=u'rgb', contrast=1.0, depth=0.0, flipHoriz=False, flipVert=False, image=Image(...), interpolate=False, mask=None, maskParams=None, name=u'Matrix', opacity=1.0, ori=0.0, pos=array([ 0.,  0.]), size=array([64, 64]), texRes=256, units=u'pix', win=Window(...))
40.0051 	DATA 	Keypress: escape
41.4451 	DATA 	Keypress: escape
43.7734 	DATA 	Keypress: numlock
46.7251 	DATA 	Keypress: p
46.7251 	EXP 	Global key event: quit through p. Calling <function quit_exp at 0x0000000016E29438>.
46.7299 	EXP 	unnamed Rect: autoDraw = False
46.8893 	EXP 	window1: mouseVisible = True
