34.5261 	EXP 	Created sequence: random, trialTypes=1, nReps=75, seed=None
34.6886 	EXP 	Created sequence: sequential, trialTypes=1, nReps=0, seed=None
34.7039 	WARNING 	Monitor specification not found. Creating a temporary one...
35.8530 	EXP 	Created window1 = Window(allowGUI=True, allowStencil=False, args=UNKNOWN, autoLog=True, bitsMode=UNKNOWN, blendMode='avg', color=array([ 0.,  0.,  0.]), colorSpace='rgb', fullscr=UNKNOWN, gamma=None, kwargs=UNKNOWN, lms=UNKNOWN, monitor=<psychopy.monitors.calibTools.Monitor object at 0x0000000016326128>, multiSample=False, name='window1', numSamples=2, pos=[0, 0], screen=0, size=array([1920, 1080]), stereo=False, units=u'pix', useFBO=False, useRetina=False, viewOri=0.0, viewPos=None, viewScale=None, waitBlanking=True, winType=u'pyglet')
35.8532 	EXP 	Removed all global key events.
35.8532 	EXP 	Added new global key event: quit through p
35.8533 	EXP 	Added new global key event: quit through esc
35.9114 	EXP 	Created unnamed TextStim = TextStim(alignHoriz='center', alignVert='center', antialias=True, autoLog=True, bold=False, color=array([ 1.,  1.,  1.]), colorSpace='rgb', contrast=1.0, depth=0, flipHoriz=False, flipVert=False, font='', fontFiles=[], height=20, italic=False, name='unnamed TextStim', opacity=1.0, ori=0.0, pos=array([ 0.,  0.]), rgb=array([ 1.,  1.,  1.]), text='Beenden...', units=u'pix', win=Window(...), wrapWidth=500)
35.9689 	EXP 	Created unnamed TextStim = TextStim(alignHoriz='center', alignVert='center', antialias=True, autoLog=True, bold=False, color=array([ 1.,  1.,  1.]), colorSpace='rgb', contrast=1.0, depth=0, flipHoriz=False, flipVert=False, font='', fontFiles=[], height=20, italic=False, name='unnamed TextStim', opacity=1.0, ori=0.0, pos=array([   0.,  100.]), rgb=array([ 1.,  1.,  1.]), text=newstr(...), units=u'pix', win=Window(...), wrapWidth=500)
36.0203 	EXP 	Created unnamed TextStim = TextStim(alignHoriz='center', alignVert='center', antialias=True, autoLog=True, bold=False, color=array([ 1.,  1.,  1.]), colorSpace='rgb', contrast=1.0, depth=0, flipHoriz=False, flipVert=False, font='', fontFiles=[], height=20, italic=False, name='unnamed TextStim', opacity=1.0, ori=0.0, pos=array([ 400.,    0.]), rgb=array([ 1.,  1.,  1.]), text=newstr(...), units=u'pix', win=Window(...), wrapWidth=500)
36.0413 	EXP 	Created unnamed TextStim = TextStim(alignHoriz='center', alignVert='center', antialias=True, autoLog=True, bold=False, color=array([ 1.,  1.,  1.]), colorSpace='rgb', contrast=1.0, depth=0, flipHoriz=False, flipVert=False, font='', fontFiles=[], height=20, italic=False, name='unnamed TextStim', opacity=1.0, ori=0.0, pos=array([ 400.,    0.]), rgb=array([ 1.,  1.,  1.]), text=newstr(...), units=u'pix', win=Window(...), wrapWidth=500)
36.1638 	EXP 	Created unnamed TextStim = TextStim(alignHoriz='center', alignVert='center', antialias=True, autoLog=True, bold=False, color=array([ 1.,  1.,  1.]), colorSpace='rgb', contrast=1.0, depth=0, flipHoriz=False, flipVert=False, font='', fontFiles=[], height=20, italic=False, name='unnamed TextStim', opacity=1.0, ori=0.0, pos=array([ 0.,  0.]), rgb=array([ 1.,  1.,  1.]), text=newstr(...), units=u'pix', win=Window(...), wrapWidth=500)
36.1803 	EXP 	Created unnamed TextStim = TextStim(alignHoriz='center', alignVert='center', antialias=True, autoLog=True, bold=False, color=array([ 1.,  1.,  1.]), colorSpace='rgb', contrast=1.0, depth=0, flipHoriz=False, flipVert=False, font='', fontFiles=[], height=20, italic=False, name='unnamed TextStim', opacity=1.0, ori=0.0, pos=array([ 0.,  0.]), rgb=array([ 1.,  1.,  1.]), text=newstr(...), units=u'pix', win=Window(...), wrapWidth=500)
36.1864 	EXP 	Created unnamed TextStim = TextStim(alignHoriz='center', alignVert='center', antialias=True, autoLog=True, bold=False, color=array([ 1.,  1.,  1.]), colorSpace='rgb', contrast=1.0, depth=0, flipHoriz=False, flipVert=False, font='', fontFiles=[], height=20, italic=False, name='unnamed TextStim', opacity=1.0, ori=0.0, pos=array([   0.,  100.]), rgb=array([ 1.,  1.,  1.]), text='Testtrial abgeschlossen', units=u'pix', win=Window(...), wrapWidth=500)
36.1882 	EXP 	<method-wrapper '__getattribute__' of attributeSetter object at 0x000000000DFB2A58>: vertices = array([[-0.25,  0.25],
       [ 0.25,  0.25],
       [ 0.25, -0.25],
       [-0.25, -0.25]])
36.1893 	EXP 	Created unnamed Rect = Rect(autoDraw=False, autoLog=True, closeShape=True, contrast=1.0, depth=0, fillColor=None, fillColorSpace='rgb', fillRGB=None, interpolate=True, lineColor=u'lime', lineColorSpace='named', lineRGB=array([   0.,  255.,    0.]), lineWidth=10, name='unnamed Rect', opacity=1.0, ori=array(0.0), pos=array([ 0.,  0.]), size=array([ 1.,  1.]), units=u'pix', vertices=ndarray(...), win=Window(...))
36.1896 	EXP 	<method-wrapper '__getattribute__' of attributeSetter object at 0x000000000DFB2A58>: vertices = array([[-0.25,  0.25],
       [ 0.25,  0.25],
       [ 0.25, -0.25],
       [-0.25, -0.25]])
36.1906 	EXP 	Created unnamed Rect = Rect(autoDraw=False, autoLog=True, closeShape=True, contrast=1.0, depth=0, fillColor=None, fillColorSpace='rgb', fillRGB=None, interpolate=True, lineColor=u'red', lineColorSpace='named', lineRGB=array([ 255.,    0.,    0.]), lineWidth=10, name='unnamed Rect', opacity=1.0, ori=array(0.0), pos=array([ 0.,  0.]), size=array([ 1.,  1.]), units=u'pix', vertices=ndarray(...), win=Window(...))
36.1909 	EXP 	<method-wrapper '__getattribute__' of attributeSetter object at 0x000000000DFB2A58>: vertices = array([[-0.25,  0.25],
       [ 0.25,  0.25],
       [ 0.25, -0.25],
       [-0.25, -0.25]])
36.1918 	EXP 	Created unnamed Rect = Rect(autoDraw=False, autoLog=True, closeShape=True, contrast=1.0, depth=0, fillColor=None, fillColorSpace='rgb', fillRGB=None, interpolate=True, lineColor=u'black', lineColorSpace='named', lineRGB=array([ 0.,  0.,  0.]), lineWidth=10, name='unnamed Rect', opacity=1.0, ori=array(0.0), pos=array([ 0.,  0.]), size=array([ 1.,  1.]), units=u'pix', vertices=ndarray(...), win=Window(...))
172.4117 	DATA 	Keypress: w
172.4212 	EXP 	Created Matrix = ImageStim(autoLog=True, color=array([ 1.,  1.,  1.]), colorSpace=u'rgb', contrast=1.0, depth=0.0, flipHoriz=False, flipVert=False, image=Image(...), interpolate=False, mask=None, maskParams=None, name=u'Matrix', opacity=1.0, ori=0.0, pos=array([ 0.,  0.]), size=array([64, 64]), texRes=256, units=u'pix', win=Window(...))
184.8917 	DATA 	Keypress: escape
184.8917 	EXP 	Global key event: quit through esc. Calling <function quit_exp at 0x00000000163255F8>.
184.8970 	EXP 	unnamed Rect: autoDraw = False
185.0023 	EXP 	window1: mouseVisible = True
